<?xml version="1.0" encoding="UTF-8"?>
<!-- Generated by org.testng.reporters.JUnitXMLReporter -->
<testsuite hostname="ORIGINAUTOMATION" ignored="0" name="Default test" tests="2" failures="0" timestamp="30 Oct 2019 07:02:28 GMT" time="732.092" errors="0">
  <testcase name="testClassroomCreation" time="549.84" classname="com.origin.fractal.testauto.test.testsuites.WebTestClassroomCreation"/>
  <testcase name="testVerifyClassroomCreation" time="180.343" classname="com.origin.fractal.testauto.test.testsuites.WebTestClassroomCreation"/>
</testsuite> <!-- Default test -->
