<?xml version="1.0" encoding="UTF-8"?>
<!-- Generated by org.testng.reporters.JUnitXMLReporter -->
<testsuite hostname="DESKTOP-TTUNNNM" ignored="4" name="Default test" tests="1" failures="0" timestamp="30 Jan 2020 07:56:08 GMT" time="126.997" errors="0">
  <testcase name="testHomePageVerifyFiltersForKOandMostAdded" time="126.36" classname="com.origin.fractal.testauto.test.testsuites.WebTestsHome"/>
  <testcase name="testHomePageX" time="0.0" classname="com.origin.fractal.testauto.test.testsuites.WebTestsHome">
    <ignored/>
  </testcase> <!-- testHomePageX -->
  <testcase name="testHomePageVerifyFiltersRcntRecommended" time="0.0" classname="com.origin.fractal.testauto.test.testsuites.WebTestsHome">
    <ignored/>
  </testcase> <!-- testHomePageVerifyFiltersRcntRecommended -->
  <testcase name="testHomePageVerifyRcntAddedCourseNavigation" time="0.0" classname="com.origin.fractal.testauto.test.testsuites.WebTestsHome">
    <ignored/>
  </testcase> <!-- testHomePageVerifyRcntAddedCourseNavigation -->
  <testcase name="testHomePage" time="0.0" classname="com.origin.fractal.testauto.test.testsuites.WebTestsHome">
    <ignored/>
  </testcase> <!-- testHomePage -->
</testsuite> <!-- Default test -->
